This is pdfTeX, Version 3.1415926-2.4-1.40.13 (TeX Live 2012) (format=pdflatex 2012.6.30)  10 DEC 2015 20:23
entering extended mode
 restricted \write18 enabled.
 file:line:error style messages enabled.
 %&-line parsing enabled.
**FinalReport.tex
(./FinalReport.tex
LaTeX2e <2011/06/27>
Babel <v3.8m> and hyphenation patterns for english, dumylang, nohyphenation, ge
rman-x-2012-05-30, ngerman-x-2012-05-30, afrikaans, ancientgreek, ibycus, arabi
c, armenian, basque, bulgarian, catalan, pinyin, coptic, croatian, czech, danis
h, dutch, ukenglish, usenglishmax, esperanto, estonian, ethiopic, farsi, finnis
h, french, friulan, galician, german, ngerman, swissgerman, monogreek, greek, h
ungarian, icelandic, assamese, bengali, gujarati, hindi, kannada, malayalam, ma
rathi, oriya, panjabi, tamil, telugu, indonesian, interlingua, irish, italian, 
kurmanji, latin, latvian, lithuanian, mongolian, mongolianlmc, bokmal, nynorsk,
 polish, portuguese, romanian, romansh, russian, sanskrit, serbian, serbianc, s
lovak, slovenian, spanish, swedish, turkish, turkmen, ukrainian, uppersorbian, 
welsh, loaded.
(/usr/local/texlive/2012/texmf-dist/tex/latex/base/article.cls
Document Class: article 2007/10/19 v1.4h Standard LaTeX document class
(/usr/local/texlive/2012/texmf-dist/tex/latex/base/size12.clo
File: size12.clo 2007/10/19 v1.4h Standard LaTeX file (size option)
)
\c@part=\count79
\c@section=\count80
\c@subsection=\count81
\c@subsubsection=\count82
\c@paragraph=\count83
\c@subparagraph=\count84
\c@figure=\count85
\c@table=\count86
\abovecaptionskip=\skip41
\belowcaptionskip=\skip42
\bibindent=\dimen102
)
(/usr/local/texlive/2012/texmf-dist/tex/generic/babel/babel.sty
Package: babel 2008/07/08 v3.8m The Babel package

(/usr/local/texlive/2012/texmf-dist/tex/generic/babel/english.ldf
Language: english 2005/03/30 v3.3o English support from the babel system

(/usr/local/texlive/2012/texmf-dist/tex/generic/babel/babel.def
File: babel.def 2008/07/08 v3.8m Babel common definitions
\babel@savecnt=\count87
\U@D=\dimen103
)
\l@canadian = a dialect from \language\l@american 
\l@australian = a dialect from \language\l@british 
\l@newzealand = a dialect from \language\l@british 
))
(/usr/local/texlive/2012/texmf-dist/tex/latex/base/inputenc.sty
Package: inputenc 2008/03/30 v1.1d Input encoding file
\inpenc@prehook=\toks14
\inpenc@posthook=\toks15

(/usr/local/texlive/2012/texmf-dist/tex/latex/ucs/utf8x.def
File: utf8x.def 2004/10/17 UCS: Input encoding UTF-8
))
(/usr/local/texlive/2012/texmf-dist/tex/latex/ucs/ucs.sty
Package: ucs 2004/10/17 UCS: Unicode input support

(/usr/local/texlive/2012/texmf-dist/tex/latex/ucs/data/uni-global.def
File: uni-global.def 2012/04/20 UCS: Unicode global data
)
\uc@secondtry=\count88
\uc@combtoks=\toks16
\uc@combtoksb=\toks17
\uc@temptokena=\toks18
)
(/usr/local/texlive/2012/texmf-dist/tex/latex/amsmath/amsmath.sty
Package: amsmath 2000/07/18 v2.13 AMS math features
\@mathmargin=\skip43

For additional information on amsmath, use the `?' option.
(/usr/local/texlive/2012/texmf-dist/tex/latex/amsmath/amstext.sty
Package: amstext 2000/06/29 v2.01

(/usr/local/texlive/2012/texmf-dist/tex/latex/amsmath/amsgen.sty
File: amsgen.sty 1999/11/30 v2.0
\@emptytoks=\toks19
\ex@=\dimen104
))
(/usr/local/texlive/2012/texmf-dist/tex/latex/amsmath/amsbsy.sty
Package: amsbsy 1999/11/29 v1.2d
\pmbraise@=\dimen105
)
(/usr/local/texlive/2012/texmf-dist/tex/latex/amsmath/amsopn.sty
Package: amsopn 1999/12/14 v2.01 operator names
)
\inf@bad=\count89
LaTeX Info: Redefining \frac on input line 211.
\uproot@=\count90
\leftroot@=\count91
LaTeX Info: Redefining \overline on input line 307.
\classnum@=\count92
\DOTSCASE@=\count93
LaTeX Info: Redefining \ldots on input line 379.
LaTeX Info: Redefining \dots on input line 382.
LaTeX Info: Redefining \cdots on input line 467.
\Mathstrutbox@=\box26
\strutbox@=\box27
\big@size=\dimen106
LaTeX Font Info:    Redeclaring font encoding OML on input line 567.
LaTeX Font Info:    Redeclaring font encoding OMS on input line 568.
\macc@depth=\count94
\c@MaxMatrixCols=\count95
\dotsspace@=\muskip10
\c@parentequation=\count96
\dspbrk@lvl=\count97
\tag@help=\toks20
\row@=\count98
\column@=\count99
\maxfields@=\count100
\andhelp@=\toks21
\eqnshift@=\dimen107
\alignsep@=\dimen108
\tagshift@=\dimen109
\tagwidth@=\dimen110
\totwidth@=\dimen111
\lineht@=\dimen112
\@envbody=\toks22
\multlinegap=\skip44
\multlinetaggap=\skip45
\mathdisplay@stack=\toks23
LaTeX Info: Redefining \[ on input line 2666.
LaTeX Info: Redefining \] on input line 2667.
)
(/usr/local/texlive/2012/texmf-dist/tex/latex/graphics/graphicx.sty
Package: graphicx 1999/02/16 v1.0f Enhanced LaTeX Graphics (DPC,SPQR)

(/usr/local/texlive/2012/texmf-dist/tex/latex/graphics/keyval.sty
Package: keyval 1999/03/16 v1.13 key=value parser (DPC)
\KV@toks@=\toks24
)
(/usr/local/texlive/2012/texmf-dist/tex/latex/graphics/graphics.sty
Package: graphics 2009/02/05 v1.0o Standard LaTeX Graphics (DPC,SPQR)

(/usr/local/texlive/2012/texmf-dist/tex/latex/graphics/trig.sty
Package: trig 1999/03/16 v1.09 sin cos tan (DPC)
)
(/usr/local/texlive/2012/texmf-dist/tex/latex/latexconfig/graphics.cfg
File: graphics.cfg 2010/04/23 v1.9 graphics configuration of TeX Live
)
Package graphics Info: Driver file: pdftex.def on input line 91.

(/usr/local/texlive/2012/texmf-dist/tex/latex/pdftex-def/pdftex.def
File: pdftex.def 2011/05/27 v0.06d Graphics/color for pdfTeX

(/usr/local/texlive/2012/texmf-dist/tex/generic/oberdiek/infwarerr.sty
Package: infwarerr 2010/04/08 v1.3 Providing info/warning/error messages (HO)
)
(/usr/local/texlive/2012/texmf-dist/tex/generic/oberdiek/ltxcmds.sty
Package: ltxcmds 2011/11/09 v1.22 LaTeX kernel commands for general use (HO)
)
\Gread@gobject=\count101
))
\Gin@req@height=\dimen113
\Gin@req@width=\dimen114
)
(/usr/local/texlive/2012/texmf-dist/tex/latex/booktabs/booktabs.sty
Package: booktabs 2005/04/14 v1.61803 publication quality tables
\heavyrulewidth=\dimen115
\lightrulewidth=\dimen116
\cmidrulewidth=\dimen117
\belowrulesep=\dimen118
\belowbottomsep=\dimen119
\aboverulesep=\dimen120
\abovetopsep=\dimen121
\cmidrulesep=\dimen122
\cmidrulekern=\dimen123
\defaultaddspace=\dimen124
\@cmidla=\count102
\@cmidlb=\count103
\@aboverulesep=\dimen125
\@belowrulesep=\dimen126
\@thisruleclass=\count104
\@lastruleclass=\count105
\@thisrulewidth=\dimen127
)
(/usr/local/texlive/2012/texmf-dist/tex/latex/float/float.sty
Package: float 2001/11/08 v1.3d Float enhancements (AL)
\c@float@type=\count106
\float@exts=\toks25
\float@box=\box28
\@float@everytoks=\toks26
\@floatcapt=\box29
)
(/usr/local/texlive/2012/texmf-dist/tex/latex/todonotes/todonotes.sty
Package: todonotes 2011/10/22 .dtx Todonotes source and documentation.
Package: todonotes 2011/10/22

(/usr/local/texlive/2012/texmf-dist/tex/latex/base/ifthen.sty
Package: ifthen 2001/05/26 v1.1c Standard LaTeX ifthen package (DPC)
)
(/usr/local/texlive/2012/texmf-dist/tex/latex/xkeyval/xkeyval.sty
Package: xkeyval 2008/08/13 v2.6a package option processing (HA)

(/usr/local/texlive/2012/texmf-dist/tex/generic/xkeyval/xkeyval.tex
\XKV@toks=\toks27
\XKV@tempa@toks=\toks28
\XKV@depth=\count107
File: xkeyval.tex 2008/08/13 v2.6a key=value parser (HA)
))
(/usr/local/texlive/2012/texmf-dist/tex/latex/xcolor/xcolor.sty
Package: xcolor 2007/01/21 v2.11 LaTeX color extensions (UK)

(/usr/local/texlive/2012/texmf-dist/tex/latex/latexconfig/color.cfg
File: color.cfg 2007/01/18 v1.5 color configuration of teTeX/TeXLive
)
Package xcolor Info: Driver file: pdftex.def on input line 225.
Package xcolor Info: Model `cmy' substituted by `cmy0' on input line 1337.
Package xcolor Info: Model `hsb' substituted by `rgb' on input line 1341.
Package xcolor Info: Model `RGB' extended on input line 1353.
Package xcolor Info: Model `HTML' substituted by `rgb' on input line 1355.
Package xcolor Info: Model `Hsb' substituted by `hsb' on input line 1356.
Package xcolor Info: Model `tHsb' substituted by `hsb' on input line 1357.
Package xcolor Info: Model `HSB' substituted by `hsb' on input line 1358.
Package xcolor Info: Model `Gray' substituted by `gray' on input line 1359.
Package xcolor Info: Model `wave' substituted by `hsb' on input line 1360.
)
(/usr/local/texlive/2012/texmf-dist/tex/latex/pgf/frontendlayer/tikz.sty
(/usr/local/texlive/2012/texmf-dist/tex/latex/pgf/basiclayer/pgf.sty
(/usr/local/texlive/2012/texmf-dist/tex/latex/pgf/utilities/pgfrcs.sty
(/usr/local/texlive/2012/texmf-dist/tex/generic/pgf/utilities/pgfutil-common.te
x
\pgfutil@everybye=\toks29
)
(/usr/local/texlive/2012/texmf-dist/tex/generic/pgf/utilities/pgfutil-latex.def
\pgfutil@abb=\box30
(/usr/local/texlive/2012/texmf-dist/tex/latex/ms/everyshi.sty
Package: everyshi 2001/05/15 v3.00 EveryShipout Package (MS)
))
(/usr/local/texlive/2012/texmf-dist/tex/generic/pgf/utilities/pgfrcs.code.tex
Package: pgfrcs 2010/10/25 v2.10 (rcs-revision 1.24)
))
Package: pgf 2008/01/15 v2.10 (rcs-revision 1.12)
(/usr/local/texlive/2012/texmf-dist/tex/latex/pgf/basiclayer/pgfcore.sty
(/usr/local/texlive/2012/texmf-dist/tex/latex/pgf/systemlayer/pgfsys.sty
(/usr/local/texlive/2012/texmf-dist/tex/generic/pgf/systemlayer/pgfsys.code.tex
Package: pgfsys 2010/06/30 v2.10 (rcs-revision 1.37)
(/usr/local/texlive/2012/texmf-dist/tex/generic/pgf/utilities/pgfkeys.code.tex
\pgfkeys@pathtoks=\toks30
\pgfkeys@temptoks=\toks31

(/usr/local/texlive/2012/texmf-dist/tex/generic/pgf/utilities/pgfkeysfiltered.c
ode.tex
\pgfkeys@tmptoks=\toks32
))
\pgf@x=\dimen128
\pgf@y=\dimen129
\pgf@xa=\dimen130
\pgf@ya=\dimen131
\pgf@xb=\dimen132
\pgf@yb=\dimen133
\pgf@xc=\dimen134
\pgf@yc=\dimen135
\w@pgf@writea=\write3
\r@pgf@reada=\read1
\c@pgf@counta=\count108
\c@pgf@countb=\count109
\c@pgf@countc=\count110
\c@pgf@countd=\count111

(/usr/local/texlive/2012/texmf-dist/tex/generic/pgf/systemlayer/pgf.cfg
File: pgf.cfg 2008/05/14  (rcs-revision 1.7)
)
Package pgfsys Info: Driver file for pgf: pgfsys-pdftex.def on input line 900.

(/usr/local/texlive/2012/texmf-dist/tex/generic/pgf/systemlayer/pgfsys-pdftex.d
ef
File: pgfsys-pdftex.def 2009/05/22  (rcs-revision 1.26)

(/usr/local/texlive/2012/texmf-dist/tex/generic/pgf/systemlayer/pgfsys-common-p
df.def
File: pgfsys-common-pdf.def 2008/05/19  (rcs-revision 1.10)
)))
(/usr/local/texlive/2012/texmf-dist/tex/generic/pgf/systemlayer/pgfsyssoftpath.
code.tex
File: pgfsyssoftpath.code.tex 2008/07/18  (rcs-revision 1.7)
\pgfsyssoftpath@smallbuffer@items=\count112
\pgfsyssoftpath@bigbuffer@items=\count113
)
(/usr/local/texlive/2012/texmf-dist/tex/generic/pgf/systemlayer/pgfsysprotocol.
code.tex
File: pgfsysprotocol.code.tex 2006/10/16  (rcs-revision 1.4)
))
(/usr/local/texlive/2012/texmf-dist/tex/generic/pgf/basiclayer/pgfcore.code.tex
Package: pgfcore 2010/04/11 v2.10 (rcs-revision 1.7)
(/usr/local/texlive/2012/texmf-dist/tex/generic/pgf/math/pgfmath.code.tex
(/usr/local/texlive/2012/texmf-dist/tex/generic/pgf/math/pgfmathcalc.code.tex
(/usr/local/texlive/2012/texmf-dist/tex/generic/pgf/math/pgfmathutil.code.tex)
(/usr/local/texlive/2012/texmf-dist/tex/generic/pgf/math/pgfmathparser.code.tex
\pgfmath@dimen=\dimen136
\pgfmath@count=\count114
\pgfmath@box=\box31
\pgfmath@toks=\toks33
\pgfmath@stack@operand=\toks34
\pgfmath@stack@operation=\toks35
)
(/usr/local/texlive/2012/texmf-dist/tex/generic/pgf/math/pgfmathfunctions.code.
tex
(/usr/local/texlive/2012/texmf-dist/tex/generic/pgf/math/pgfmathfunctions.basic
.code.tex)
(/usr/local/texlive/2012/texmf-dist/tex/generic/pgf/math/pgfmathfunctions.trigo
nometric.code.tex)
(/usr/local/texlive/2012/texmf-dist/tex/generic/pgf/math/pgfmathfunctions.rando
m.code.tex)
(/usr/local/texlive/2012/texmf-dist/tex/generic/pgf/math/pgfmathfunctions.compa
rison.code.tex)
(/usr/local/texlive/2012/texmf-dist/tex/generic/pgf/math/pgfmathfunctions.base.
code.tex)
(/usr/local/texlive/2012/texmf-dist/tex/generic/pgf/math/pgfmathfunctions.round
.code.tex)
(/usr/local/texlive/2012/texmf-dist/tex/generic/pgf/math/pgfmathfunctions.misc.
code.tex)))
(/usr/local/texlive/2012/texmf-dist/tex/generic/pgf/math/pgfmathfloat.code.tex
\c@pgfmathroundto@lastzeros=\count115
))
(/usr/local/texlive/2012/texmf-dist/tex/generic/pgf/basiclayer/pgfcorepoints.co
de.tex
File: pgfcorepoints.code.tex 2010/04/09  (rcs-revision 1.20)
\pgf@picminx=\dimen137
\pgf@picmaxx=\dimen138
\pgf@picminy=\dimen139
\pgf@picmaxy=\dimen140
\pgf@pathminx=\dimen141
\pgf@pathmaxx=\dimen142
\pgf@pathminy=\dimen143
\pgf@pathmaxy=\dimen144
\pgf@xx=\dimen145
\pgf@xy=\dimen146
\pgf@yx=\dimen147
\pgf@yy=\dimen148
\pgf@zx=\dimen149
\pgf@zy=\dimen150
)
(/usr/local/texlive/2012/texmf-dist/tex/generic/pgf/basiclayer/pgfcorepathconst
ruct.code.tex
File: pgfcorepathconstruct.code.tex 2010/08/03  (rcs-revision 1.24)
\pgf@path@lastx=\dimen151
\pgf@path@lasty=\dimen152
)
(/usr/local/texlive/2012/texmf-dist/tex/generic/pgf/basiclayer/pgfcorepathusage
.code.tex
File: pgfcorepathusage.code.tex 2008/04/22  (rcs-revision 1.12)
\pgf@shorten@end@additional=\dimen153
\pgf@shorten@start@additional=\dimen154
)
(/usr/local/texlive/2012/texmf-dist/tex/generic/pgf/basiclayer/pgfcorescopes.co
de.tex
File: pgfcorescopes.code.tex 2010/09/08  (rcs-revision 1.34)
\pgfpic=\box32
\pgf@hbox=\box33
\pgf@layerbox@main=\box34
\pgf@picture@serial@count=\count116
)
(/usr/local/texlive/2012/texmf-dist/tex/generic/pgf/basiclayer/pgfcoregraphicst
ate.code.tex
File: pgfcoregraphicstate.code.tex 2008/04/22  (rcs-revision 1.9)
\pgflinewidth=\dimen155
)
(/usr/local/texlive/2012/texmf-dist/tex/generic/pgf/basiclayer/pgfcoretransform
ations.code.tex
File: pgfcoretransformations.code.tex 2009/06/10  (rcs-revision 1.11)
\pgf@pt@x=\dimen156
\pgf@pt@y=\dimen157
\pgf@pt@temp=\dimen158
)
(/usr/local/texlive/2012/texmf-dist/tex/generic/pgf/basiclayer/pgfcorequick.cod
e.tex
File: pgfcorequick.code.tex 2008/10/09  (rcs-revision 1.3)
)
(/usr/local/texlive/2012/texmf-dist/tex/generic/pgf/basiclayer/pgfcoreobjects.c
ode.tex
File: pgfcoreobjects.code.tex 2006/10/11  (rcs-revision 1.2)
)
(/usr/local/texlive/2012/texmf-dist/tex/generic/pgf/basiclayer/pgfcorepathproce
ssing.code.tex
File: pgfcorepathprocessing.code.tex 2008/10/09  (rcs-revision 1.8)
)
(/usr/local/texlive/2012/texmf-dist/tex/generic/pgf/basiclayer/pgfcorearrows.co
de.tex
File: pgfcorearrows.code.tex 2008/04/23  (rcs-revision 1.11)
)
(/usr/local/texlive/2012/texmf-dist/tex/generic/pgf/basiclayer/pgfcoreshade.cod
e.tex
File: pgfcoreshade.code.tex 2008/11/23  (rcs-revision 1.13)
\pgf@max=\dimen159
\pgf@sys@shading@range@num=\count117
)
(/usr/local/texlive/2012/texmf-dist/tex/generic/pgf/basiclayer/pgfcoreimage.cod
e.tex
File: pgfcoreimage.code.tex 2010/03/25  (rcs-revision 1.16)

(/usr/local/texlive/2012/texmf-dist/tex/generic/pgf/basiclayer/pgfcoreexternal.
code.tex
File: pgfcoreexternal.code.tex 2010/09/01  (rcs-revision 1.17)
\pgfexternal@startupbox=\box35
))
(/usr/local/texlive/2012/texmf-dist/tex/generic/pgf/basiclayer/pgfcorelayers.co
de.tex
File: pgfcorelayers.code.tex 2010/08/27  (rcs-revision 1.2)
)
(/usr/local/texlive/2012/texmf-dist/tex/generic/pgf/basiclayer/pgfcoretranspare
ncy.code.tex
File: pgfcoretransparency.code.tex 2008/01/17  (rcs-revision 1.2)
)
(/usr/local/texlive/2012/texmf-dist/tex/generic/pgf/basiclayer/pgfcorepatterns.
code.tex
File: pgfcorepatterns.code.tex 2009/07/02  (rcs-revision 1.3)
)))
(/usr/local/texlive/2012/texmf-dist/tex/generic/pgf/modules/pgfmoduleshapes.cod
e.tex
File: pgfmoduleshapes.code.tex 2010/09/09  (rcs-revision 1.13)
\pgfnodeparttextbox=\box36
)
(/usr/local/texlive/2012/texmf-dist/tex/generic/pgf/modules/pgfmoduleplot.code.
tex
File: pgfmoduleplot.code.tex 2010/10/22  (rcs-revision 1.8)
)
(/usr/local/texlive/2012/texmf-dist/tex/latex/pgf/compatibility/pgfcomp-version
-0-65.sty
Package: pgfcomp-version-0-65 2007/07/03 v2.10 (rcs-revision 1.7)
\pgf@nodesepstart=\dimen160
\pgf@nodesepend=\dimen161
)
(/usr/local/texlive/2012/texmf-dist/tex/latex/pgf/compatibility/pgfcomp-version
-1-18.sty
Package: pgfcomp-version-1-18 2007/07/23 v2.10 (rcs-revision 1.1)
))
(/usr/local/texlive/2012/texmf-dist/tex/latex/pgf/utilities/pgffor.sty
(/usr/local/texlive/2012/texmf-dist/tex/latex/pgf/utilities/pgfkeys.sty
(/usr/local/texlive/2012/texmf-dist/tex/generic/pgf/utilities/pgfkeys.code.tex)
) (/usr/local/texlive/2012/texmf-dist/tex/generic/pgf/utilities/pgffor.code.tex
Package: pgffor 2010/03/23 v2.10 (rcs-revision 1.18)
\pgffor@iter=\dimen162
\pgffor@skip=\dimen163
\pgffor@stack=\toks36
\pgffor@toks=\toks37
))
(/usr/local/texlive/2012/texmf-dist/tex/generic/pgf/frontendlayer/tikz/tikz.cod
e.tex
Package: tikz 2010/10/13 v2.10 (rcs-revision 1.76)

(/usr/local/texlive/2012/texmf-dist/tex/generic/pgf/libraries/pgflibraryplothan
dlers.code.tex
File: pgflibraryplothandlers.code.tex 2010/05/31 v2.10 (rcs-revision 1.15)
\pgf@plot@mark@count=\count118
\pgfplotmarksize=\dimen164
)
\tikz@lastx=\dimen165
\tikz@lasty=\dimen166
\tikz@lastxsaved=\dimen167
\tikz@lastysaved=\dimen168
\tikzleveldistance=\dimen169
\tikzsiblingdistance=\dimen170
\tikz@figbox=\box37
\tikz@tempbox=\box38
\tikztreelevel=\count119
\tikznumberofchildren=\count120
\tikznumberofcurrentchild=\count121
\tikz@fig@count=\count122

(/usr/local/texlive/2012/texmf-dist/tex/generic/pgf/modules/pgfmodulematrix.cod
e.tex
File: pgfmodulematrix.code.tex 2010/08/24  (rcs-revision 1.4)
\pgfmatrixcurrentrow=\count123
\pgfmatrixcurrentcolumn=\count124
\pgf@matrix@numberofcolumns=\count125
)
\tikz@expandcount=\count126

(/usr/local/texlive/2012/texmf-dist/tex/generic/pgf/frontendlayer/tikz/librarie
s/tikzlibrarytopaths.code.tex
File: tikzlibrarytopaths.code.tex 2008/06/17 v2.10 (rcs-revision 1.2)
)))
(/usr/local/texlive/2012/texmf-dist/tex/generic/pgf/frontendlayer/tikz/librarie
s/tikzlibrarypositioning.code.tex
File: tikzlibrarypositioning.code.tex 2008/10/06 v2.10 (rcs-revision 1.7)
)
(/usr/local/texlive/2012/texmf-dist/tex/latex/tools/calc.sty
Package: calc 2007/08/22 v4.3 Infix arithmetic (KKT,FJ)
\calc@Acount=\count127
\calc@Bcount=\count128
\calc@Adimen=\dimen171
\calc@Bdimen=\dimen172
\calc@Askip=\skip46
\calc@Bskip=\skip47
LaTeX Info: Redefining \setlength on input line 76.
LaTeX Info: Redefining \addtolength on input line 77.
\calc@Ccount=\count129
\calc@Cskip=\skip48
)
\c@@todonotes@numberoftodonotes=\count130
)
(/usr/local/texlive/2012/texmf-dist/tex/latex/oberdiek/epstopdf.sty
Package: epstopdf 2010/02/09 v2.5 Conversion with epstopdf on the fly (HO)

(/usr/local/texlive/2012/texmf-dist/tex/latex/oberdiek/epstopdf-base.sty
Package: epstopdf-base 2010/02/09 v2.5 Base part for package epstopdf

(/usr/local/texlive/2012/texmf-dist/tex/latex/oberdiek/grfext.sty
Package: grfext 2010/08/19 v1.1 Manage graphics extensions (HO)

(/usr/local/texlive/2012/texmf-dist/tex/generic/oberdiek/kvdefinekeys.sty
Package: kvdefinekeys 2011/04/07 v1.3 Define keys (HO)
))
(/usr/local/texlive/2012/texmf-dist/tex/latex/oberdiek/kvoptions.sty
Package: kvoptions 2011/06/30 v3.11 Key value format for package options (HO)

(/usr/local/texlive/2012/texmf-dist/tex/generic/oberdiek/kvsetkeys.sty
Package: kvsetkeys 2012/04/25 v1.16 Key value parser (HO)

(/usr/local/texlive/2012/texmf-dist/tex/generic/oberdiek/etexcmds.sty
Package: etexcmds 2011/02/16 v1.5 Avoid name clashes with e-TeX commands (HO)

(/usr/local/texlive/2012/texmf-dist/tex/generic/oberdiek/ifluatex.sty
Package: ifluatex 2010/03/01 v1.3 Provides the ifluatex switch (HO)
Package ifluatex Info: LuaTeX not detected.
)
Package etexcmds Info: Could not find \expanded.
(etexcmds)             That can mean that you are not using pdfTeX 1.50 or
(etexcmds)             that some package has redefined \expanded.
(etexcmds)             In the latter case, load this package earlier.
)))
(/usr/local/texlive/2012/texmf-dist/tex/generic/oberdiek/pdftexcmds.sty
Package: pdftexcmds 2011/11/29 v0.20 Utility functions of pdfTeX for LuaTeX (HO
)

(/usr/local/texlive/2012/texmf-dist/tex/generic/oberdiek/ifpdf.sty
Package: ifpdf 2011/01/30 v2.3 Provides the ifpdf switch (HO)
Package ifpdf Info: pdfTeX in PDF mode is detected.
)
Package pdftexcmds Info: LuaTeX not detected.
Package pdftexcmds Info: \pdf@primitive is available.
Package pdftexcmds Info: \pdf@ifprimitive is available.
Package pdftexcmds Info: \pdfdraftmode found.
)
Package grfext Info: Graphics extension search list:
(grfext)             [.png,.pdf,.jpg,.mps,.jpeg,.jbig2,.jb2,.PNG,.PDF,.JPG,.JPE
G,.JBIG2,.JB2,.eps]
(grfext)             \AppendGraphicsExtensions on input line 452.

(/usr/local/texlive/2012/texmf-dist/tex/latex/latexconfig/epstopdf-sys.cfg
File: epstopdf-sys.cfg 2010/07/13 v1.3 Configuration of (r)epstopdf for TeX Liv
e
)))
(/usr/local/texlive/2012/texmf-dist/tex/latex/geometry/geometry.sty
Package: geometry 2010/09/12 v5.6 Page Geometry

(/usr/local/texlive/2012/texmf-dist/tex/generic/oberdiek/ifvtex.sty
Package: ifvtex 2010/03/01 v1.5 Detect VTeX and its facilities (HO)
Package ifvtex Info: VTeX not detected.
)
(/usr/local/texlive/2012/texmf-dist/tex/generic/ifxetex/ifxetex.sty
Package: ifxetex 2010/09/12 v0.6 Provides ifxetex conditional
)
\Gm@cnth=\count131
\Gm@cntv=\count132
\c@Gm@tempcnt=\count133
\Gm@bindingoffset=\dimen173
\Gm@wd@mp=\dimen174
\Gm@odd@mp=\dimen175
\Gm@even@mp=\dimen176
\Gm@layoutwidth=\dimen177
\Gm@layoutheight=\dimen178
\Gm@layouthoffset=\dimen179
\Gm@layoutvoffset=\dimen180
\Gm@dimlist=\toks38
)
(/usr/local/texlive/2012/texmf-dist/tex/latex/hyperref/hyperref.sty
Package: hyperref 2012/05/13 v6.82q Hypertext links for LaTeX

(/usr/local/texlive/2012/texmf-dist/tex/generic/oberdiek/hobsub-hyperref.sty
Package: hobsub-hyperref 2012/05/28 v1.13 Bundle oberdiek, subset hyperref (HO)


(/usr/local/texlive/2012/texmf-dist/tex/generic/oberdiek/hobsub-generic.sty
Package: hobsub-generic 2012/05/28 v1.13 Bundle oberdiek, subset generic (HO)
Package: hobsub 2012/05/28 v1.13 Construct package bundles (HO)
Package hobsub Info: Skipping package `infwarerr' (already loaded).
Package hobsub Info: Skipping package `ltxcmds' (already loaded).
Package hobsub Info: Skipping package `ifluatex' (already loaded).
Package hobsub Info: Skipping package `ifvtex' (already loaded).
Package: intcalc 2007/09/27 v1.1 Expandable calculations with integers (HO)
Package hobsub Info: Skipping package `ifpdf' (already loaded).
Package hobsub Info: Skipping package `etexcmds' (already loaded).
Package hobsub Info: Skipping package `kvsetkeys' (already loaded).
Package hobsub Info: Skipping package `kvdefinekeys' (already loaded).
Package hobsub Info: Skipping package `pdftexcmds' (already loaded).
Package: pdfescape 2011/11/25 v1.13 Implements pdfTeX's escape features (HO)
Package: bigintcalc 2012/04/08 v1.3 Expandable calculations on big integers (HO
)
Package: bitset 2011/01/30 v1.1 Handle bit-vector datatype (HO)
Package: uniquecounter 2011/01/30 v1.2 Provide unlimited unique counter (HO)
)
Package hobsub Info: Skipping package `hobsub' (already loaded).
Package: letltxmacro 2010/09/02 v1.4 Let assignment for LaTeX macros (HO)
Package: hopatch 2012/05/28 v1.2 Wrapper for package hooks (HO)
Package: xcolor-patch 2011/01/30 xcolor patch
Package: atveryend 2011/06/30 v1.8 Hooks at the very end of document (HO)
Package atveryend Info: \enddocument detected (standard20110627).
Package: atbegshi 2011/10/05 v1.16 At begin shipout hook (HO)
Package: refcount 2011/10/16 v3.4 Data extraction from label references (HO)
Package: hycolor 2011/01/30 v1.7 Color options for hyperref/bookmark (HO)
)
\@linkdim=\dimen181
\Hy@linkcounter=\count134
\Hy@pagecounter=\count135

(/usr/local/texlive/2012/texmf-dist/tex/latex/hyperref/pd1enc.def
File: pd1enc.def 2012/05/13 v6.82q Hyperref: PDFDocEncoding definition (HO)
)
\Hy@SavedSpaceFactor=\count136

(/usr/local/texlive/2012/texmf-dist/tex/latex/latexconfig/hyperref.cfg
File: hyperref.cfg 2002/06/06 v1.2 hyperref configuration of TeXLive
)
Package hyperref Info: Hyper figures OFF on input line 4062.
Package hyperref Info: Link nesting OFF on input line 4067.
Package hyperref Info: Hyper index ON on input line 4070.
Package hyperref Info: Plain pages OFF on input line 4077.
Package hyperref Info: Backreferencing OFF on input line 4082.
Package hyperref Info: Implicit mode ON; LaTeX internals redefined.
Package hyperref Info: Bookmarks ON on input line 4300.
\c@Hy@tempcnt=\count137

(/usr/local/texlive/2012/texmf-dist/tex/latex/url/url.sty
\Urlmuskip=\muskip11
Package: url 2006/04/12  ver 3.3  Verb mode for urls, etc.
)
LaTeX Info: Redefining \url on input line 4653.
\Fld@menulength=\count138
\Field@Width=\dimen182
\Fld@charsize=\dimen183
Package hyperref Info: Hyper figures OFF on input line 5773.
Package hyperref Info: Link nesting OFF on input line 5778.
Package hyperref Info: Hyper index ON on input line 5781.
Package hyperref Info: backreferencing OFF on input line 5788.
Package hyperref Info: Link coloring OFF on input line 5793.
Package hyperref Info: Link coloring with OCG OFF on input line 5798.
Package hyperref Info: PDF/A mode OFF on input line 5803.
LaTeX Info: Redefining \ref on input line 5843.
LaTeX Info: Redefining \pageref on input line 5847.
\Hy@abspage=\count139
\c@Item=\count140
\c@Hfootnote=\count141
)

Package hyperref Message: Driver (autodetected): hpdftex.

(/usr/local/texlive/2012/texmf-dist/tex/latex/hyperref/hpdftex.def
File: hpdftex.def 2012/05/13 v6.82q Hyperref driver for pdfTeX
\Fld@listcount=\count142
\c@bookmark@seq@number=\count143

(/usr/local/texlive/2012/texmf-dist/tex/latex/oberdiek/rerunfilecheck.sty
Package: rerunfilecheck 2011/04/15 v1.7 Rerun checks for auxiliary files (HO)
Package uniquecounter Info: New unique counter `rerunfilecheck' on input line 2
82.
)
\Hy@SectionHShift=\skip49
)
(/usr/local/texlive/2012/texmf-dist/tex/latex/listings/listings.sty
\lst@mode=\count144
\lst@gtempboxa=\box39
\lst@token=\toks39
\lst@length=\count145
\lst@currlwidth=\dimen184
\lst@column=\count146
\lst@pos=\count147
\lst@lostspace=\dimen185
\lst@width=\dimen186
\lst@newlines=\count148
\lst@lineno=\count149
\lst@maxwidth=\dimen187

(/usr/local/texlive/2012/texmf-dist/tex/latex/listings/lstmisc.sty
File: lstmisc.sty 2007/02/22 1.4 (Carsten Heinz)
\c@lstnumber=\count150
\lst@skipnumbers=\count151
\lst@framebox=\box40
)
(/usr/local/texlive/2012/texmf-dist/tex/latex/listings/listings.cfg
File: listings.cfg 2007/02/22 1.4 listings configuration
))
Package: listings 2007/02/22 1.4 (Carsten Heinz)

(/usr/local/texlive/2012/texmf-dist/tex/latex/listings/lstlang1.sty
File: lstlang1.sty 2004/09/05 1.3 listings language file
)
(/usr/local/texlive/2012/texmf-dist/tex/latex/listings/lstlang2.sty
File: lstlang2.sty 2004/09/05 1.3 listings language file
)
(/usr/local/texlive/2012/texmf-dist/tex/latex/listings/lstlang3.sty
File: lstlang3.sty 2004/09/05 1.3 listings language file
)
(./FinalReport.aux

LaTeX Warning: Label `fig:piroutines' multiply defined.

)
\openout1 = `FinalReport.aux'.

LaTeX Font Info:    Checking defaults for OML/cmm/m/it on input line 25.
LaTeX Font Info:    ... okay on input line 25.
LaTeX Font Info:    Checking defaults for T1/cmr/m/n on input line 25.
LaTeX Font Info:    ... okay on input line 25.
LaTeX Font Info:    Checking defaults for OT1/cmr/m/n on input line 25.
LaTeX Font Info:    ... okay on input line 25.
LaTeX Font Info:    Checking defaults for OMS/cmsy/m/n on input line 25.
LaTeX Font Info:    ... okay on input line 25.
LaTeX Font Info:    Checking defaults for OMX/cmex/m/n on input line 25.
LaTeX Font Info:    ... okay on input line 25.
LaTeX Font Info:    Checking defaults for U/cmr/m/n on input line 25.
LaTeX Font Info:    ... okay on input line 25.
LaTeX Font Info:    Checking defaults for PD1/pdf/m/n on input line 25.
LaTeX Font Info:    ... okay on input line 25.
 (/usr/local/texlive/2012/texmf-dist/tex/latex/ucs/ucsencs.def
File: ucsencs.def 2011/01/21 Fixes to fontencodings LGR, T3
)
(/usr/local/texlive/2012/texmf-dist/tex/context/base/supp-pdf.mkii
[Loading MPS to PDF converter (version 2006.09.02).]
\scratchcounter=\count152
\scratchdimen=\dimen188
\scratchbox=\box41
\nofMPsegments=\count153
\nofMParguments=\count154
\everyMPshowfont=\toks40
\MPscratchCnt=\count155
\MPscratchDim=\dimen189
\MPnumerator=\count156
\makeMPintoPDFobject=\count157
\everyMPtoPDFconversion=\toks41
) ABD: EveryShipout initializing macros
*geometry* driver: auto-detecting
*geometry* detected driver: pdftex
*geometry* verbose mode - [ preamble ] result:
* driver: pdftex
* paper: <default>
* layout: <same size as paper>
* layoutoffset:(h,v)=(0.0pt,0.0pt)
* modes: 
* h-part:(L,W,R)=(72.26999pt, 469.75502pt, 72.26999pt)
* v-part:(T,H,B)=(72.26999pt, 650.43001pt, 72.26999pt)
* \paperwidth=614.295pt
* \paperheight=794.96999pt
* \textwidth=469.75502pt
* \textheight=650.43001pt
* \oddsidemargin=0.0pt
* \evensidemargin=0.0pt
* \topmargin=-37.0pt
* \headheight=12.0pt
* \headsep=25.0pt
* \topskip=12.0pt
* \footskip=30.0pt
* \marginparwidth=44.0pt
* \marginparsep=10.0pt
* \columnsep=10.0pt
* \skip\footins=10.8pt plus 4.0pt minus 2.0pt
* \hoffset=0.0pt
* \voffset=0.0pt
* \mag=1000
* \@twocolumnfalse
* \@twosidefalse
* \@mparswitchfalse
* \@reversemarginfalse
* (1in=72.27pt=25.4mm, 1cm=28.453pt)

\AtBeginShipoutBox=\box42
Package hyperref Info: Link coloring OFF on input line 25.
(/usr/local/texlive/2012/texmf-dist/tex/latex/hyperref/nameref.sty
Package: nameref 2010/04/30 v2.40 Cross-referencing by name of section

(/usr/local/texlive/2012/texmf-dist/tex/generic/oberdiek/gettitlestring.sty
Package: gettitlestring 2010/12/03 v1.4 Cleanup title references (HO)
)
\c@section@level=\count158
)
LaTeX Info: Redefining \ref on input line 25.
LaTeX Info: Redefining \pageref on input line 25.
LaTeX Info: Redefining \nameref on input line 25.

(./FinalReport.out) (./FinalReport.out)
\@outlinefile=\write4
\openout4 = `FinalReport.out'.

\c@lstlisting=\count159
 [1

{/usr/local/texlive/2012/texmf-var/fonts/map/pdftex/updmap/pdftex.map}]
<E155System.png, id=73, 443.6575pt x 343.2825pt>
File: E155System.png Graphic file (type png)
 <use E155System.png>
Package pdftex.def Info: E155System.png used on input line 91.
(pdftex.def)             Requested size: 328.82707pt x 254.42839pt.

<breadboard.png, id=75, 474.77374pt x 468.75125pt>
File: breadboard.png Graphic file (type png)
 <use breadboard.png>
Package pdftex.def Info: breadboard.png used on input line 108.
(pdftex.def)             Requested size: 328.82707pt x 324.66895pt.
pdfTeX warning (ext4): destination with the same identifier (name{page.1}) has 
been already used, duplicate ignored
<to be read again> 
                   \relax 
l.117 
       [1 <./E155System.png>] [2 <./breadboard.png>]
<PiRoutines.png, id=89, 624.3325pt x 463.7325pt>
File: PiRoutines.png Graphic file (type png)
 <use PiRoutines.png>
Package pdftex.def Info: PiRoutines.png used on input line 120.
(pdftex.def)             Requested size: 375.80544pt x 279.14029pt.
 [3 <./PiRoutines.png>] [4] <FPGABlock.png, id=102, 591.6504pt x 398.9304pt>
File: FPGABlock.png Graphic file (type png)

<use FPGABlock.png>
Package pdftex.def Info: FPGABlock.png used on input line 153.
(pdftex.def)             Requested size: 375.80544pt x 253.40321pt.
 [5 <./FPGABlock.png>]
Overfull \hbox (25.07825pt too wide) in paragraph at lines 170--187
 [] 
 []

(./VehicleControl.sv
Overfull \hbox (3.5797pt too wide) in paragraph at lines 11--13
[][] 
 []

[6]
LaTeX Font Info:    Try loading font information for OMS+cmr on input line 32.
 (/usr/local/texlive/2012/texmf-dist/tex/latex/base/omscmr.fd
File: omscmr.fd 1999/05/25 v2.5h Standard LaTeX font definitions
)
LaTeX Font Info:    Font shape `OMS/cmr/m/n' in size <10.95> not available
(Font)              Font shape `OMS/cmsy/m/n' tried instead on input line 32.
 [7]
LaTeX Font Info:    Try loading font information for OML+cmr on input line 53.

(/usr/local/texlive/2012/texmf-dist/tex/latex/base/omlcmr.fd
File: omlcmr.fd 1999/05/25 v2.5h Standard LaTeX font definitions
)
LaTeX Font Info:    Font shape `OML/cmr/m/n' in size <10.95> not available
(Font)              Font shape `OML/cmm/m/it' tried instead on input line 53.

Overfull \hbox (49.57018pt too wide) in paragraph at lines 53--54
[][] 
 []


Overfull \hbox (16.71983pt too wide) in paragraph at lines 53--54
[][] 
 []


Overfull \hbox (23.2899pt too wide) in paragraph at lines 53--54
[][] 
 []


Overfull \hbox (3.5797pt too wide) in paragraph at lines 53--54
[][] 
 []


Overfull \hbox (3.5797pt too wide) in paragraph at lines 53--54
[][] 
 []


Overfull \hbox (16.71983pt too wide) in paragraph at lines 53--54
[][] 
 []


Overfull \hbox (16.71983pt too wide) in paragraph at lines 53--54
[][] 
 []


Overfull \hbox (23.2899pt too wide) in paragraph at lines 54--55
[][] 
 []


Overfull \hbox (23.2899pt too wide) in paragraph at lines 54--55
[][] 
 []


Overfull \hbox (23.2899pt too wide) in paragraph at lines 54--55
[][] 
 []


Overfull \hbox (23.2899pt too wide) in paragraph at lines 54--55
[][] 
 []


Overfull \hbox (23.2899pt too wide) in paragraph at lines 54--55
[][] 
 []


Overfull \hbox (3.5797pt too wide) in paragraph at lines 54--55
[][] 
 []


Overfull \hbox (3.5797pt too wide) in paragraph at lines 54--55
[][] 
 []


Overfull \hbox (16.71983pt too wide) in paragraph at lines 54--55
[][] 
 []


Overfull \hbox (69.28038pt too wide) in paragraph at lines 57--58
[][] 
 []


Overfull \hbox (3.5797pt too wide) in paragraph at lines 57--58
[][] 
 []


Overfull \hbox (3.5797pt too wide) in paragraph at lines 57--58
[][] 
 []


Overfull \hbox (16.71983pt too wide) in paragraph at lines 57--58
[][] 
 []

[8]
Overfull \hbox (23.2899pt too wide) in paragraph at lines 58--59
[][] 
 []


Overfull \hbox (23.2899pt too wide) in paragraph at lines 58--59
[][] 
 []


Overfull \hbox (23.2899pt too wide) in paragraph at lines 58--59
[][] 
 []


Overfull \hbox (23.2899pt too wide) in paragraph at lines 58--59
[][] 
 []


Overfull \hbox (23.2899pt too wide) in paragraph at lines 58--59
[][] 
 []


Overfull \hbox (3.5797pt too wide) in paragraph at lines 58--59
[][] 
 []


Overfull \hbox (3.5797pt too wide) in paragraph at lines 58--59
[][] 
 []


Overfull \hbox (16.71983pt too wide) in paragraph at lines 58--59
[][] 
 []


Overfull \hbox (16.71983pt too wide) in paragraph at lines 58--59
[][] 
 []


Overfull \hbox (16.71983pt too wide) in paragraph at lines 61--62
[][] 
 []


Overfull \hbox (23.2899pt too wide) in paragraph at lines 61--62
[][] 
 []


Overfull \hbox (23.2899pt too wide) in paragraph at lines 61--62
[][] 
 []


Overfull \hbox (3.5797pt too wide) in paragraph at lines 61--62
[][] 
 []


Overfull \hbox (3.5797pt too wide) in paragraph at lines 61--62
[][] 
 []


Overfull \hbox (16.71983pt too wide) in paragraph at lines 61--62
[][] 
 []


Overfull \hbox (23.2899pt too wide) in paragraph at lines 62--63
[][] 
 []


Overfull \hbox (23.2899pt too wide) in paragraph at lines 62--63
[][] 
 []


Overfull \hbox (23.2899pt too wide) in paragraph at lines 62--63
[][] 
 []


Overfull \hbox (23.2899pt too wide) in paragraph at lines 62--63
[][] 
 []


Overfull \hbox (23.2899pt too wide) in paragraph at lines 62--63
[][] 
 []


Overfull \hbox (3.5797pt too wide) in paragraph at lines 62--63
[][] 
 []


Overfull \hbox (3.5797pt too wide) in paragraph at lines 62--63
[][] 
 []


Overfull \hbox (16.71983pt too wide) in paragraph at lines 62--63
[][] 
 []

[9] [10]
Overfull \hbox (23.2899pt too wide) in paragraph at lines 93--94
[][] 
 []

[11] [12] [13] [14] [15])
Package atveryend Info: Empty hook `BeforeClearDocument' on input line 194.
 [16]
Package atveryend Info: Empty hook `AfterLastShipout' on input line 194.
 (./FinalReport.aux)
Package atveryend Info: Executing hook `AtVeryEndDocument' on input line 194.
Package atveryend Info: Executing hook `AtEndAfterFileList' on input line 194.
Package rerunfilecheck Info: File `FinalReport.out' has not changed.
(rerunfilecheck)             Checksum: E147619760385206358C608BA1D2DCB7;699.


LaTeX Warning: There were multiply-defined labels.

Package atveryend Info: Empty hook `AtVeryVeryEnd' on input line 194.
 ) 
Here is how much of TeX's memory you used:
 17866 strings out of 493488
 307620 string characters out of 3141326
 605923 words of memory out of 3000000
 20447 multiletter control sequences out of 15000+200000
 13035 words of font info for 46 fonts, out of 3000000 for 9000
 957 hyphenation exceptions out of 8191
 63i,7n,72p,946b,2092s stack positions out of 5000i,500n,10000p,200000b,50000s
</usr/local/texlive/2012/texmf-dist/fonts/type1/public/amsfonts/cm/cmbx10.pfb
></usr/local/texlive/2012/texmf-dist/fonts/type1/public/amsfonts/cm/cmbx12.pfb>
</usr/local/texlive/2012/texmf-dist/fonts/type1/public/amsfonts/cm/cmcsc10.pfb>
</usr/local/texlive/2012/texmf-dist/fonts/type1/public/amsfonts/cm/cmmi10.pfb><
/usr/local/texlive/2012/texmf-dist/fonts/type1/public/amsfonts/cm/cmmi12.pfb></
usr/local/texlive/2012/texmf-dist/fonts/type1/public/amsfonts/cm/cmr10.pfb></us
r/local/texlive/2012/texmf-dist/fonts/type1/public/amsfonts/cm/cmr12.pfb></usr/
local/texlive/2012/texmf-dist/fonts/type1/public/amsfonts/cm/cmsy10.pfb></usr/l
ocal/texlive/2012/texmf-dist/fonts/type1/public/amsfonts/cm/cmti10.pfb></usr/lo
cal/texlive/2012/texmf-dist/fonts/type1/public/amsfonts/cm/cmti12.pfb></usr/loc
al/texlive/2012/texmf-dist/fonts/type1/public/amsfonts/cm/cmtt12.pfb>
Output written on FinalReport.pdf (17 pages, 385238 bytes).
PDF statistics:
 624 PDF objects out of 1000 (max. 8388607)
 580 compressed objects within 6 object streams
 379 named destinations out of 1000 (max. 500000)
 145 words of extra memory for PDF output out of 10000 (max. 10000000)

