\BOOKMARK [1][-]{section.1}{Introduction}{}% 1
\BOOKMARK [1][-]{section.2}{New Hardware}{}% 2
\BOOKMARK [2][-]{subsection.2.1}{BlueSMiRF}{section.2}% 3
\BOOKMARK [2][-]{subsection.2.2}{Vehicle}{section.2}% 4
\BOOKMARK [1][-]{section.3}{Schematics}{}% 5
\BOOKMARK [1][-]{section.4}{Raspberry Pi}{}% 6
\BOOKMARK [2][-]{subsection.4.1}{Website}{section.4}% 7
\BOOKMARK [2][-]{subsection.4.2}{Python/C}{section.4}% 8
\BOOKMARK [1][-]{section.5}{FPGA Design}{}% 9
\BOOKMARK [1][-]{section.6}{Results}{}% 10
\BOOKMARK [1][-]{section.7}{Parts List}{}% 11
\BOOKMARK [1][-]{section.8}{Appendices}{}% 12
\BOOKMARK [2][-]{subsection.8.1}{The Website}{section.8}% 13
\BOOKMARK [2][-]{subsection.8.2}{FPGA Diagrams}{section.8}% 14
\BOOKMARK [3][-]{subsubsection.8.2.1}{Controller}{subsection.8.2}% 15
\BOOKMARK [3][-]{subsubsection.8.2.2}{Receive A Char}{subsection.8.2}% 16
\BOOKMARK [3][-]{subsubsection.8.2.3}{Receive A Message}{subsection.8.2}% 17
\BOOKMARK [3][-]{subsubsection.8.2.4}{Send A Char}{subsection.8.2}% 18
\BOOKMARK [2][-]{subsection.8.3}{FPGA Code}{section.8}% 19
\BOOKMARK [2][-]{subsection.8.4}{Raspberry Pi Code}{section.8}% 20
\BOOKMARK [3][-]{subsubsection.8.4.1}{CGI Resource}{subsection.8.4}% 21
\BOOKMARK [3][-]{subsubsection.8.4.2}{Send Data over Bluetooth}{subsection.8.4}% 22
\BOOKMARK [3][-]{subsubsection.8.4.3}{Webpage}{subsection.8.4}% 23
